<?xml version="1.0" encoding="UTF-8"?>
<testng-results skipped="0" failed="1" ignored="0" total="1" passed="0">
  <reporter-output>
  </reporter-output>
  <suite name="Default suite" duration-ms="20683" started-at="2020-01-06T08:19:47Z" finished-at="2020-01-06T08:20:08Z">
    <groups>
    </groups>
    <test name="Default test" duration-ms="20683" started-at="2020-01-06T08:19:47Z" finished-at="2020-01-06T08:20:08Z">
      <class name="com.pdf.qa.testcases.ConversionPageTest">
        <test-method status="PASS" signature="setup()[pri:0, instance:com.pdf.qa.testcases.ConversionPageTest@1275dab]" name="setup" is-config="true" duration-ms="13494" started-at="2020-01-06T08:19:48Z" finished-at="2020-01-06T08:20:01Z">
          <reporter-output>
          </reporter-output>
        </test-method> <!-- setup -->
        <test-method status="FAIL" signature="uploadXlsxWithSingleSheetTest()[pri:1, instance:com.pdf.qa.testcases.ConversionPageTest@1275dab]" name="uploadXlsxWithSingleSheetTest" duration-ms="4601" started-at="2020-01-06T08:20:01Z" finished-at="2020-01-06T08:20:06Z">
          <exception class="java.io.FileNotFoundException">
            <message>
              <![CDATA[\SmallPdf\src\main\java\com\pdf\qa\data\xlsx1sheet.xlsx (The system cannot find the path specified)]]>
            </message>
            <full-stacktrace>
              <![CDATA[java.io.FileNotFoundException: \SmallPdf\src\main\java\com\pdf\qa\data\xlsx1sheet.xlsx (The system cannot find the path specified)
at java.io.FileInputStream.open0(Native Method)
at java.io.FileInputStream.open(FileInputStream.java:195)
at java.io.FileInputStream.<init>(FileInputStream.java:138)
at java.io.FileInputStream.<init>(FileInputStream.java:93)
at com.qa.pdf.util.TestUtil.excelLogic(TestUtil.java:34)
at com.pdf.qa.testcases.ConversionPageTest.uploadXlsxWithSingleSheetTest(ConversionPageTest.java:30)
at sun.reflect.NativeMethodAccessorImpl.invoke0(Native Method)
at sun.reflect.NativeMethodAccessorImpl.invoke(NativeMethodAccessorImpl.java:62)
at sun.reflect.DelegatingMethodAccessorImpl.invoke(DelegatingMethodAccessorImpl.java:43)
at java.lang.reflect.Method.invoke(Method.java:498)
at org.testng.internal.MethodInvocationHelper.invokeMethod(MethodInvocationHelper.java:124)
at org.testng.internal.Invoker.invokeMethod(Invoker.java:583)
at org.testng.internal.Invoker.invokeTestMethod(Invoker.java:719)
at org.testng.internal.Invoker.invokeTestMethods(Invoker.java:989)
at org.testng.internal.TestMethodWorker.invokeTestMethods(TestMethodWorker.java:125)
at org.testng.internal.TestMethodWorker.run(TestMethodWorker.java:109)
at org.testng.TestRunner.privateRun(TestRunner.java:648)
at org.testng.TestRunner.run(TestRunner.java:505)
at org.testng.SuiteRunner.runTest(SuiteRunner.java:455)
at org.testng.SuiteRunner.runSequentially(SuiteRunner.java:450)
at org.testng.SuiteRunner.privateRun(SuiteRunner.java:415)
at org.testng.SuiteRunner.run(SuiteRunner.java:364)
at org.testng.SuiteRunnerWorker.runSuite(SuiteRunnerWorker.java:52)
at org.testng.SuiteRunnerWorker.run(SuiteRunnerWorker.java:84)
at org.testng.TestNG.runSuitesSequentially(TestNG.java:1208)
at org.testng.TestNG.runSuitesLocally(TestNG.java:1137)
at org.testng.TestNG.runSuites(TestNG.java:1049)
at org.testng.TestNG.run(TestNG.java:1017)
at org.testng.remote.AbstractRemoteTestNG.run(AbstractRemoteTestNG.java:114)
at org.testng.remote.RemoteTestNG.initAndRun(RemoteTestNG.java:251)
at org.testng.remote.RemoteTestNG.main(RemoteTestNG.java:77)
]]>
            </full-stacktrace>
          </exception> <!-- java.io.FileNotFoundException -->
          <reporter-output>
          </reporter-output>
        </test-method> <!-- uploadXlsxWithSingleSheetTest -->
        <test-method status="PASS" signature="tearDown()[pri:0, instance:com.pdf.qa.testcases.ConversionPageTest@1275dab]" name="tearDown" is-config="true" duration-ms="2440" started-at="2020-01-06T08:20:06Z" finished-at="2020-01-06T08:20:08Z">
          <reporter-output>
          </reporter-output>
        </test-method> <!-- tearDown -->
      </class> <!-- com.pdf.qa.testcases.ConversionPageTest -->
    </test> <!-- Default test -->
  </suite> <!-- Default suite -->
</testng-results>
